<?xml version="1.0" encoding="UTF-8"?>
<Site BuildName="Linux-x86_64-linux-gnu-g++-10"
	BuildStamp="20211208-1047-Experimental"
	Name="mx"
	Generator="ctest-3.18.4"
	CompilerName="/bin/x86_64-linux-gnu-g++-10"
	CompilerVersion="10.2.1"
	OSName="Linux"
	Hostname="mx"
	OSRelease="5.14.0-4mx-amd64"
	OSVersion="#1 SMP Debian 5.14.16-1~mx21+1 (2021-11-05)"
	OSPlatform="x86_64"
	Is64Bits="1"
	VendorString="AuthenticAMD"
	VendorID="Advanced Micro Devices"
	FamilyID="23"
	ModelID="24"
	ProcessorCacheSize="512"
	NumberOfLogicalCPU="8"
	NumberOfPhysicalCPU="4"
	TotalVirtualMemory="8191"
	TotalPhysicalMemory="13871"
	LogicalProcessorsPerPhysical="2"
	ProcessorClockFrequency="2145.12"
	>
	<Testing>
		<StartDateTime>Dec 08 10:48 GMT</StartDateTime>
		<StartTestTime>1638960509</StartTestTime>
		<TestList>
			<Test>./tests/99BottlesTest_Constructors</Test>
			<Test>./tests/99BottlesTest_Verse10</Test>
			<Test>./tests/99BottlesTest_Verse9</Test>
			<Test>./tests/99BottlesTest_Verses</Test>
			<Test>./tests/99BottlesTest_VerseText_9Bottles</Test>
			<Test>./tests/99BottlesTest_VerseText_2Bottles</Test>
			<Test>./tests/99BottlesTest_VerseText_0Bottles</Test>
			<Test>./tests/99BottlesTest_VerseText_1Bottles</Test>
		</TestList>
		<Test Status="passed">
			<Name>99BottlesTest:Constructors</Name>
			<Path>./tests</Path>
			<FullName>./tests/99BottlesTest_Constructors</FullName>
			<FullCommandLine>/home/mark/Documents/CProjects/99Bottles/build/tests/99BottlesTest "Constructors"</FullCommandLine>
			<Results>
				<NamedMeasurement type="numeric/double" name="Execution Time">
					<Value>0.0180499</Value>
				</NamedMeasurement>
				<NamedMeasurement type="numeric/double" name="Processors">
					<Value>1</Value>
				</NamedMeasurement>
				<NamedMeasurement type="text/string" name="Completion Status">
					<Value>Completed</Value>
				</NamedMeasurement>
				<NamedMeasurement type="text/string" name="Command Line">
					<Value>/home/mark/Documents/CProjects/99Bottles/build/tests/99BottlesTest "Constructors"</Value>
				</NamedMeasurement>
				<NamedMeasurement type="text/string" name="Environment">
					<Value>#CTEST_RESOURCE_GROUP_COUNT=</Value>
				</NamedMeasurement>
				<Measurement>
					<Value encoding="base64" compression="gzip">eJxzy8wpSS0qtlJwzs8rLikqTS7JLyrmsqUu4CpJLS5RSE4sTgVaZKhQA8QFicXFqSlcILKoJBNot5WCrkJefl6qgi4XFwB8QCpI====</Value>
				</Measurement>
			</Results>
			<Labels>
				<Label>99BottlesTest</Label>
			</Labels>
		</Test>
		<Test Status="passed">
			<Name>99BottlesTest:Verse10</Name>
			<Path>./tests</Path>
			<FullName>./tests/99BottlesTest_Verse10</FullName>
			<FullCommandLine>/home/mark/Documents/CProjects/99Bottles/build/tests/99BottlesTest "Verse10"</FullCommandLine>
			<Results>
				<NamedMeasurement type="numeric/double" name="Execution Time">
					<Value>0.0163908</Value>
				</NamedMeasurement>
				<NamedMeasurement type="numeric/double" name="Processors">
					<Value>1</Value>
				</NamedMeasurement>
				<NamedMeasurement type="text/string" name="Completion Status">
					<Value>Completed</Value>
				</NamedMeasurement>
				<NamedMeasurement type="text/string" name="Command Line">
					<Value>/home/mark/Documents/CProjects/99Bottles/build/tests/99BottlesTest "Verse10"</Value>
				</NamedMeasurement>
				<NamedMeasurement type="text/string" name="Environment">
					<Value>#CTEST_RESOURCE_GROUP_COUNT=</Value>
				</NamedMeasurement>
				<Measurement>
					<Value encoding="base64" compression="gzip">eJxzy8wpSS0qtlIIA5KphgZcttQFXI45OQolqcUlxQoFicXFqSkKGoYKIEZRSWZ+nkJmnoIhWFohObE4VZOLCwAJCygf====</Value>
				</Measurement>
			</Results>
			<Labels>
				<Label>99BottlesTest</Label>
			</Labels>
		</Test>
		<Test Status="passed">
			<Name>99BottlesTest:Verse9</Name>
			<Path>./tests</Path>
			<FullName>./tests/99BottlesTest_Verse9</FullName>
			<FullCommandLine>/home/mark/Documents/CProjects/99Bottles/build/tests/99BottlesTest "Verse9"</FullCommandLine>
			<Results>
				<NamedMeasurement type="numeric/double" name="Execution Time">
					<Value>0.0144574</Value>
				</NamedMeasurement>
				<NamedMeasurement type="numeric/double" name="Processors">
					<Value>1</Value>
				</NamedMeasurement>
				<NamedMeasurement type="text/string" name="Completion Status">
					<Value>Completed</Value>
				</NamedMeasurement>
				<NamedMeasurement type="text/string" name="Command Line">
					<Value>/home/mark/Documents/CProjects/99Bottles/build/tests/99BottlesTest "Verse9"</Value>
				</NamedMeasurement>
				<NamedMeasurement type="text/string" name="Environment">
					<Value>#CTEST_RESOURCE_GROUP_COUNT=</Value>
				</NamedMeasurement>
				<Measurement>
					<Value encoding="base64" compression="gzip">eJxzy8wpSS0qtlIIA5Kplly21AVcjjk5CiWpxSXFCgWJxcWpKQoahgogRlFJZn6eQmaegiFYWiE5sThVk4sLAO9qJ/c=</Value>
				</Measurement>
			</Results>
			<Labels>
				<Label>99BottlesTest</Label>
			</Labels>
		</Test>
		<Test Status="passed">
			<Name>99BottlesTest:Verses</Name>
			<Path>./tests</Path>
			<FullName>./tests/99BottlesTest_Verses</FullName>
			<FullCommandLine>/home/mark/Documents/CProjects/99Bottles/build/tests/99BottlesTest "Verses"</FullCommandLine>
			<Results>
				<NamedMeasurement type="numeric/double" name="Execution Time">
					<Value>0.0122445</Value>
				</NamedMeasurement>
				<NamedMeasurement type="numeric/double" name="Processors">
					<Value>1</Value>
				</NamedMeasurement>
				<NamedMeasurement type="text/string" name="Completion Status">
					<Value>Completed</Value>
				</NamedMeasurement>
				<NamedMeasurement type="text/string" name="Command Line">
					<Value>/home/mark/Documents/CProjects/99Bottles/build/tests/99BottlesTest "Verses"</Value>
				</NamedMeasurement>
				<NamedMeasurement type="text/string" name="Environment">
					<Value>#CTEST_RESOURCE_GROUP_COUNT=</Value>
				</NamedMeasurement>
				<Measurement>
					<Value encoding="base64" compression="gzip">eJxzy8wpSS0qtlIIA5KpxVy21AVcjjk5CiWpxSXFCgWJxcWpKQoahgogRlFJZn6eQmaegiFYWiE5sThVk4sLAAyzKDE=</Value>
				</Measurement>
			</Results>
			<Labels>
				<Label>99BottlesTest</Label>
			</Labels>
		</Test>
		<Test Status="passed">
			<Name>99BottlesTest:VerseText_9Bottles</Name>
			<Path>./tests</Path>
			<FullName>./tests/99BottlesTest_VerseText_9Bottles</FullName>
			<FullCommandLine>/home/mark/Documents/CProjects/99Bottles/build/tests/99BottlesTest "VerseText_9Bottles"</FullCommandLine>
			<Results>
				<NamedMeasurement type="numeric/double" name="Execution Time">
					<Value>0.00979912</Value>
				</NamedMeasurement>
				<NamedMeasurement type="numeric/double" name="Processors">
					<Value>1</Value>
				</NamedMeasurement>
				<NamedMeasurement type="text/string" name="Completion Status">
					<Value>Completed</Value>
				</NamedMeasurement>
				<NamedMeasurement type="text/string" name="Command Line">
					<Value>/home/mark/Documents/CProjects/99Bottles/build/tests/99BottlesTest "VerseText_9Bottles"</Value>
				</NamedMeasurement>
				<NamedMeasurement type="text/string" name="Environment">
					<Value>#CTEST_RESOURCE_GROUP_COUNT=</Value>
				</NamedMeasurement>
				<Measurement>
					<Value encoding="base64" compression="gzip">eJxzy8wpSS0qtlIIA5KpIakVJfGWTvklJTmpxVy21AVcjjk5CiWpxSXFCgWJxcWpKQoahgogRlFJZn6eQmaegiFYWiE5sThVk4sLAMFWLNg=</Value>
				</Measurement>
			</Results>
			<Labels>
				<Label>99BottlesTest</Label>
			</Labels>
		</Test>
		<Test Status="passed">
			<Name>99BottlesTest:VerseText_2Bottles</Name>
			<Path>./tests</Path>
			<FullName>./tests/99BottlesTest_VerseText_2Bottles</FullName>
			<FullCommandLine>/home/mark/Documents/CProjects/99Bottles/build/tests/99BottlesTest "VerseText_2Bottles"</FullCommandLine>
			<Results>
				<NamedMeasurement type="numeric/double" name="Execution Time">
					<Value>0.00815554</Value>
				</NamedMeasurement>
				<NamedMeasurement type="numeric/double" name="Processors">
					<Value>1</Value>
				</NamedMeasurement>
				<NamedMeasurement type="text/string" name="Completion Status">
					<Value>Completed</Value>
				</NamedMeasurement>
				<NamedMeasurement type="text/string" name="Command Line">
					<Value>/home/mark/Documents/CProjects/99Bottles/build/tests/99BottlesTest "VerseText_2Bottles"</Value>
				</NamedMeasurement>
				<NamedMeasurement type="text/string" name="Environment">
					<Value>#CTEST_RESOURCE_GROUP_COUNT=</Value>
				</NamedMeasurement>
				<Measurement>
					<Value encoding="base64" compression="gzip">eJxzy8wpSS0qtlIIA5KpIakVJfFGTvklJTmpxVy21AVcjjk5CiWpxSXFCgWJxcWpKQoahgogRlFJZn6eQmaegiFYWiE5sThVk4sLAL2eLNE=</Value>
				</Measurement>
			</Results>
			<Labels>
				<Label>99BottlesTest</Label>
			</Labels>
		</Test>
		<Test Status="passed">
			<Name>99BottlesTest:VerseText_0Bottles</Name>
			<Path>./tests</Path>
			<FullName>./tests/99BottlesTest_VerseText_0Bottles</FullName>
			<FullCommandLine>/home/mark/Documents/CProjects/99Bottles/build/tests/99BottlesTest "VerseText_0Bottles"</FullCommandLine>
			<Results>
				<NamedMeasurement type="numeric/double" name="Execution Time">
					<Value>0.0063618</Value>
				</NamedMeasurement>
				<NamedMeasurement type="numeric/double" name="Processors">
					<Value>1</Value>
				</NamedMeasurement>
				<NamedMeasurement type="text/string" name="Completion Status">
					<Value>Completed</Value>
				</NamedMeasurement>
				<NamedMeasurement type="text/string" name="Command Line">
					<Value>/home/mark/Documents/CProjects/99Bottles/build/tests/99BottlesTest "VerseText_0Bottles"</Value>
				</NamedMeasurement>
				<NamedMeasurement type="text/string" name="Environment">
					<Value>#CTEST_RESOURCE_GROUP_COUNT=</Value>
				</NamedMeasurement>
				<Measurement>
					<Value encoding="base64" compression="gzip">eJxzy8wpSS0qtlIIA5KpIakVJfEGTvklJTmpxVy21AVcjjk5CiWpxSXFCgWJxcWpKQoahgogRlFJZn6eQmaegiFYWiE5sThVk4sLALyOLM8=</Value>
				</Measurement>
			</Results>
			<Labels>
				<Label>99BottlesTest</Label>
			</Labels>
		</Test>
		<Test Status="passed">
			<Name>99BottlesTest:VerseText_1Bottles</Name>
			<Path>./tests</Path>
			<FullName>./tests/99BottlesTest_VerseText_1Bottles</FullName>
			<FullCommandLine>/home/mark/Documents/CProjects/99Bottles/build/tests/99BottlesTest "VerseText_1Bottles"</FullCommandLine>
			<Results>
				<NamedMeasurement type="numeric/double" name="Execution Time">
					<Value>0.00636452</Value>
				</NamedMeasurement>
				<NamedMeasurement type="numeric/double" name="Processors">
					<Value>1</Value>
				</NamedMeasurement>
				<NamedMeasurement type="text/string" name="Completion Status">
					<Value>Completed</Value>
				</NamedMeasurement>
				<NamedMeasurement type="text/string" name="Command Line">
					<Value>/home/mark/Documents/CProjects/99Bottles/build/tests/99BottlesTest "VerseText_1Bottles"</Value>
				</NamedMeasurement>
				<NamedMeasurement type="text/string" name="Environment">
					<Value>#CTEST_RESOURCE_GROUP_COUNT=</Value>
				</NamedMeasurement>
				<Measurement>
					<Value encoding="base64" compression="gzip">eJxzy8wpSS0qtlIIA5KpIakVJfGGTvklJTmpxVy21AVcjjk5CiWpxSXFCgWJxcWpKQoahgogRlFJZn6eQmaegiFYWiE5sThVk4sLAL0WLNA=</Value>
				</Measurement>
			</Results>
			<Labels>
				<Label>99BottlesTest</Label>
			</Labels>
		</Test>
		<EndDateTime>Dec 08 10:48 GMT</EndDateTime>
		<EndTestTime>1638960509</EndTestTime>
		<ElapsedMinutes>0</ElapsedMinutes>
	</Testing>
</Site>
