Start testing: Dec 08 10:48 GMT
----------------------------------------------------------
1/8 Testing: 99BottlesTest:Constructors
1/8 Test: 99BottlesTest:Constructors
Command: "/home/mark/Documents/CProjects/99Bottles/build/tests/99BottlesTest" "Constructors"
Directory: /home/mark/Documents/CProjects/99Bottles/build/tests
"99BottlesTest:Constructors" start time: Dec 08 10:48 GMT
Output:
----------------------------------------------------------
Filters: Constructors
===============================================================================
test cases: 1 | 1 passed
assertions: - none -

<end of output>
Test time =   0.02 sec
----------------------------------------------------------
Test Passed.
"99BottlesTest:Constructors" end time: Dec 08 10:48 GMT
"99BottlesTest:Constructors" time elapsed: 00:00:00
----------------------------------------------------------

2/8 Testing: 99BottlesTest:Verse10
2/8 Test: 99BottlesTest:Verse10
Command: "/home/mark/Documents/CProjects/99Bottles/build/tests/99BottlesTest" "Verse10"
Directory: /home/mark/Documents/CProjects/99Bottles/build/tests
"99BottlesTest:Verse10" start time: Dec 08 10:48 GMT
Output:
----------------------------------------------------------
Filters: Verse10
===============================================================================
All tests passed (1 assertion in 1 test case)

<end of output>
Test time =   0.02 sec
----------------------------------------------------------
Test Passed.
"99BottlesTest:Verse10" end time: Dec 08 10:48 GMT
"99BottlesTest:Verse10" time elapsed: 00:00:00
----------------------------------------------------------

3/8 Testing: 99BottlesTest:Verse9
3/8 Test: 99BottlesTest:Verse9
Command: "/home/mark/Documents/CProjects/99Bottles/build/tests/99BottlesTest" "Verse9"
Directory: /home/mark/Documents/CProjects/99Bottles/build/tests
"99BottlesTest:Verse9" start time: Dec 08 10:48 GMT
Output:
----------------------------------------------------------
Filters: Verse9
===============================================================================
All tests passed (1 assertion in 1 test case)

<end of output>
Test time =   0.01 sec
----------------------------------------------------------
Test Passed.
"99BottlesTest:Verse9" end time: Dec 08 10:48 GMT
"99BottlesTest:Verse9" time elapsed: 00:00:00
----------------------------------------------------------

4/8 Testing: 99BottlesTest:Verses
4/8 Test: 99BottlesTest:Verses
Command: "/home/mark/Documents/CProjects/99Bottles/build/tests/99BottlesTest" "Verses"
Directory: /home/mark/Documents/CProjects/99Bottles/build/tests
"99BottlesTest:Verses" start time: Dec 08 10:48 GMT
Output:
----------------------------------------------------------
Filters: Verses
===============================================================================
All tests passed (1 assertion in 1 test case)

<end of output>
Test time =   0.01 sec
----------------------------------------------------------
Test Passed.
"99BottlesTest:Verses" end time: Dec 08 10:48 GMT
"99BottlesTest:Verses" time elapsed: 00:00:00
----------------------------------------------------------

5/8 Testing: 99BottlesTest:VerseText_9Bottles
5/8 Test: 99BottlesTest:VerseText_9Bottles
Command: "/home/mark/Documents/CProjects/99Bottles/build/tests/99BottlesTest" "VerseText_9Bottles"
Directory: /home/mark/Documents/CProjects/99Bottles/build/tests
"99BottlesTest:VerseText_9Bottles" start time: Dec 08 10:48 GMT
Output:
----------------------------------------------------------
Filters: VerseText_9Bottles
===============================================================================
All tests passed (1 assertion in 1 test case)

<end of output>
Test time =   0.01 sec
----------------------------------------------------------
Test Passed.
"99BottlesTest:VerseText_9Bottles" end time: Dec 08 10:48 GMT
"99BottlesTest:VerseText_9Bottles" time elapsed: 00:00:00
----------------------------------------------------------

6/8 Testing: 99BottlesTest:VerseText_2Bottles
6/8 Test: 99BottlesTest:VerseText_2Bottles
Command: "/home/mark/Documents/CProjects/99Bottles/build/tests/99BottlesTest" "VerseText_2Bottles"
Directory: /home/mark/Documents/CProjects/99Bottles/build/tests
"99BottlesTest:VerseText_2Bottles" start time: Dec 08 10:48 GMT
Output:
----------------------------------------------------------
Filters: VerseText_2Bottles
===============================================================================
All tests passed (1 assertion in 1 test case)

<end of output>
Test time =   0.01 sec
----------------------------------------------------------
Test Passed.
"99BottlesTest:VerseText_2Bottles" end time: Dec 08 10:48 GMT
"99BottlesTest:VerseText_2Bottles" time elapsed: 00:00:00
----------------------------------------------------------

8/8 Testing: 99BottlesTest:VerseText_0Bottles
8/8 Test: 99BottlesTest:VerseText_0Bottles
Command: "/home/mark/Documents/CProjects/99Bottles/build/tests/99BottlesTest" "VerseText_0Bottles"
Directory: /home/mark/Documents/CProjects/99Bottles/build/tests
"99BottlesTest:VerseText_0Bottles" start time: Dec 08 10:48 GMT
Output:
----------------------------------------------------------
Filters: VerseText_0Bottles
===============================================================================
All tests passed (1 assertion in 1 test case)

<end of output>
Test time =   0.01 sec
----------------------------------------------------------
Test Passed.
"99BottlesTest:VerseText_0Bottles" end time: Dec 08 10:48 GMT
"99BottlesTest:VerseText_0Bottles" time elapsed: 00:00:00
----------------------------------------------------------

7/8 Testing: 99BottlesTest:VerseText_1Bottles
7/8 Test: 99BottlesTest:VerseText_1Bottles
Command: "/home/mark/Documents/CProjects/99Bottles/build/tests/99BottlesTest" "VerseText_1Bottles"
Directory: /home/mark/Documents/CProjects/99Bottles/build/tests
"99BottlesTest:VerseText_1Bottles" start time: Dec 08 10:48 GMT
Output:
----------------------------------------------------------
Filters: VerseText_1Bottles
===============================================================================
All tests passed (1 assertion in 1 test case)

<end of output>
Test time =   0.01 sec
----------------------------------------------------------
Test Passed.
"99BottlesTest:VerseText_1Bottles" end time: Dec 08 10:48 GMT
"99BottlesTest:VerseText_1Bottles" time elapsed: 00:00:00
----------------------------------------------------------

End testing: Dec 08 10:48 GMT

99BottlesTest =   0.09 sec*proc

